<?xml version="1.0" encoding="UTF-8"?>
<!-- Generated by org.testng.reporters.JUnitReportReporter -->
<testsuite skipped="0" hostname="DESKTOP-9J8B953" name="com.testcases.parametizewithdataproviderFB" tests="3" failures="0" timestamp="03 May 2020 03:33:23 GMT" time="45.781" errors="0">
  <testcase name="loginTofacebook" time="15.444" classname="com.testcases.parametizewithdataproviderFB"/>
  <testcase name="loginTofacebook" time="14.748" classname="com.testcases.parametizewithdataproviderFB"/>
  <testcase name="loginTofacebook" time="15.589" classname="com.testcases.parametizewithdataproviderFB"/>
</testsuite> <!-- com.testcases.parametizewithdataproviderFB -->
