<?xml version="1.0" encoding="UTF-8"?>
<!-- Generated by org.testng.reporters.JUnitReportReporter -->
<testsuite skipped="0" hostname="DESKTOP-9J8B953" name="com.testcases.TestNGtesting" tests="2" failures="0" timestamp="26 Apr 2020 03:55:53 GMT" time="0.009" errors="0">
  <testcase name="test1" time="0.008" classname="com.testcases.TestNGtesting"/>
  <testcase name="test2" time="0.001" classname="com.testcases.TestNGtesting"/>
</testsuite> <!-- com.testcases.TestNGtesting -->
