<?xml version="1.0" encoding="UTF-8"?>
<!-- Generated by org.testng.reporters.JUnitReportReporter -->
<testsuite skipped="0" hostname="DESKTOP-9J8B953" name="com.testcases.Linkedincallwrapper" tests="1" failures="0" timestamp="03 May 2020 03:14:14 GMT" time="43.615" errors="0">
  <testcase name="WrappermethodGradle" time="43.615" classname="com.testcases.Linkedincallwrapper"/>
</testsuite> <!-- com.testcases.Linkedincallwrapper -->
