<?xml version="1.0" encoding="UTF-8"?>
<!-- Generated by org.testng.reporters.JUnitReportReporter -->
<testsuite skipped="0" hostname="DESKTOP-9J8B953" name="com.testcases.OrangeHRDataprovider" tests="1" failures="0" timestamp="23 Apr 2020 19:10:07 GMT" time="18.217" errors="0">
  <testcase name="OrangeHRM" time="18.217" classname="com.testcases.OrangeHRDataprovider"/>
</testsuite> <!-- com.testcases.OrangeHRDataprovider -->
