<?xml version="1.0" encoding="UTF-8"?>
<!-- Generated by org.testng.reporters.JUnitReportReporter -->
<testsuite skipped="0" hostname="DESKTOP-9J8B953" name="com.testng.testcase" tests="3" failures="0" timestamp="02 May 2020 13:45:05 GMT" time="0.006" errors="0">
  <testcase name="testcase3" time="0.001" classname="com.testng.testcase"/>
  <testcase name="testcase1" time="0.004" classname="com.testng.testcase"/>
  <testcase name="testcase2" time="0.001" classname="com.testng.testcase"/>
</testsuite> <!-- com.testng.testcase -->
