<?xml version="1.0" encoding="UTF-8"?>
<!-- Generated by org.testng.reporters.JUnitReportReporter -->
<testsuite skipped="0" hostname="DESKTOP-9J8B953" name="com.testng.DependsonmethodTest" tests="3" failures="0" timestamp="02 May 2020 15:45:48 GMT" time="0.016" errors="0">
  <testcase name="search" time="0.004" classname="com.testng.DependsonmethodTest"/>
  <testcase name="login" time="0.010" classname="com.testng.DependsonmethodTest"/>
  <testcase name="logout" time="0.002" classname="com.testng.DependsonmethodTest"/>
</testsuite> <!-- com.testng.DependsonmethodTest -->
