<?xml version="1.0" encoding="UTF-8"?>
<!-- Generated by org.testng.reporters.JUnitReportReporter -->
<testsuite skipped="0" hostname="DESKTOP-9J8B953" name="com.testng.callwrapperfacebook" tests="1" failures="0" timestamp="02 May 2020 20:09:41 GMT" time="34.205" errors="0">
  <testcase name="facebooklogin" time="34.205" classname="com.testng.callwrapperfacebook"/>
</testsuite> <!-- com.testng.callwrapperfacebook -->
