<?xml version="1.0" encoding="UTF-8"?>
<!-- Generated by org.testng.reporters.JUnitReportReporter -->
<testsuite skipped="0" hostname="DESKTOP-9J8B953" name="com.testng.callwrapper" tests="1" failures="0" timestamp="21 Apr 2020 19:15:06 GMT" time="34.754" errors="0">
  <testcase name="facebooklogin" time="34.754" classname="com.testng.callwrapper"/>
</testsuite> <!-- com.testng.callwrapper -->
