<?xml version="1.0" encoding="UTF-8"?>
<!-- Generated by org.testng.reporters.JUnitReportReporter -->
<testsuite skipped="0" hostname="DESKTOP-9J8B953" name="com.testng.Excelfacebooklogin" tests="1" failures="0" timestamp="03 May 2020 02:16:24 GMT" time="71.864" errors="0">
  <testcase name="login" time="71.864" classname="com.testng.Excelfacebooklogin"/>
</testsuite> <!-- com.testng.Excelfacebooklogin -->
