<?xml version="1.0" encoding="UTF-8"?>
<!-- Generated by org.testng.reporters.JUnitReportReporter -->
<testsuite skipped="0" hostname="DESKTOP-9J8B953" name="com.testng.Linkedin" tests="1" failures="0" timestamp="02 May 2020 19:42:44 GMT" time="24.343" errors="0">
  <testcase name="linkedinsearch" time="24.343" classname="com.testng.Linkedin"/>
</testsuite> <!-- com.testng.Linkedin -->
