<?xml version="1.0" encoding="UTF-8"?>
<!-- Generated by org.testng.reporters.JUnitReportReporter -->
<testsuite skipped="0" hostname="DESKTOP-9J8B953" name="com.testng.Priority_testcase" tests="3" failures="0" timestamp="02 May 2020 14:18:42 GMT" time="0.016" errors="0">
  <testcase name="testcase3" time="0.006" classname="com.testng.Priority_testcase"/>
  <testcase name="testcase1" time="0.001" classname="com.testng.Priority_testcase"/>
  <testcase name="testcase2" time="0.009" classname="com.testng.Priority_testcase"/>
</testsuite> <!-- com.testng.Priority_testcase -->
