<?xml version="1.0" encoding="UTF-8"?>
<!-- Generated by org.testng.reporters.JUnitReportReporter -->
<testsuite skipped="0" hostname="DESKTOP-9J8B953" name="com.testng.Testng1" tests="1" failures="0" timestamp="26 Apr 2020 02:02:52 GMT" time="6.246" errors="0">
  <testcase name="verifyHomepageTitle" time="6.246" classname="com.testng.Testng1"/>
</testsuite> <!-- com.testng.Testng1 -->
