<?xml version="1.0" encoding="UTF-8"?>
<!-- Generated by org.testng.reporters.JUnitReportReporter -->
<testsuite skipped="0" hostname="DESKTOP-9J8B953" name="mavendemo1.Openandreadexcelsheet" tests="1" failures="0" timestamp="01 May 2020 03:55:50 GMT" time="1.169" errors="0">
  <testcase name="orangehrm" time="1.169" classname="mavendemo1.Openandreadexcelsheet"/>
</testsuite> <!-- mavendemo1.Openandreadexcelsheet -->
