<?xml version="1.0" encoding="UTF-8"?>
<!-- Generated by org.testng.reporters.JUnitReportReporter -->
<testsuite skipped="0" hostname="DESKTOP-9J8B953" name="com.testng.parallelexecutiontest1" tests="3" failures="0" timestamp="02 May 2020 19:57:40 GMT" time="0.003" errors="0">
  <testcase name="testcase4" time="0.001" classname="com.testng.parallelexecutiontest1"/>
  <testcase name="testcase6" time="0.001" classname="com.testng.parallelexecutiontest1"/>
  <testcase name="testcase5" time="0.001" classname="com.testng.parallelexecutiontest1"/>
</testsuite> <!-- com.testng.parallelexecutiontest1 -->
