<?xml version="1.0" encoding="UTF-8"?>
<!-- Generated by org.testng.reporters.JUnitReportReporter -->
<testsuite skipped="0" hostname="DESKTOP-9J8B953" name="com.testng.Parallelexecutiontest" tests="3" failures="0" timestamp="02 May 2020 19:57:40 GMT" time="0.010" errors="0">
  <testcase name="testcase3" time="0.001" classname="com.testng.Parallelexecutiontest"/>
  <testcase name="testcase1" time="0.008" classname="com.testng.Parallelexecutiontest"/>
  <testcase name="testcase2" time="0.001" classname="com.testng.Parallelexecutiontest"/>
</testsuite> <!-- com.testng.Parallelexecutiontest -->
